<?xml version="1.0" encoding="UTF-8" ?>
<testsuite failures="0" time="0.031" errors="0" skipped="1" tests="12" name="de.hybris.platform.impexgen.velocity.RenderedRowFactoryTest">
  <properties>
[...]
</properties>
  <testcase time="0.006" classname="de.hybris.platform.impexgen.velocity.RenderedRowFactoryTest" name="testKeyOrder">
    <skipped/>
  </testcase>
  <testcase time="0" classname="de.hybris.platform.impexgen.velocity.RenderedRowFactoryTest" name="testMergeExistingWithDesciminatorNotApplying"/>
  <testcase time="0" classname="de.hybris.platform.impexgen.velocity.RenderedRowFactoryTest" name="testInvalidKeyACommentWithAddon"/>
  <testcase time="0" classname="de.hybris.platform.impexgen.velocity.RenderedRowFactoryTest" name="testMergeExistingWithDesciminatorApplying"/>
  <testcase time="0" classname="de.hybris.platform.impexgen.velocity.RenderedRowFactoryTest" name="testAddForEmptyContinerWithDescriminatorNotApplying"/>
  <testcase time="0.023" classname="de.hybris.platform.impexgen.velocity.RenderedRowFactoryTest" name="testAddForEmptyContinerWithDescriminatorApplying"/>
  <testcase time="0" classname="de.hybris.platform.impexgen.velocity.RenderedRowFactoryTest" name="testAddForNonEmptyContinerWithDescriminatorApplying"/>
  <testcase time="0" classname="de.hybris.platform.impexgen.velocity.RenderedRowFactoryTest" name="testAddForNonEmptyContinerWithDescriminatorNotApplying"/>
  <testcase time="0" classname="de.hybris.platform.impexgen.velocity.RenderedRowFactoryTest" name="testAddForEmptyContiner"/>
  <testcase time="0" classname="de.hybris.platform.impexgen.velocity.RenderedRowFactoryTest" name="testAddForNonEmptyContiner"/>
  <testcase time="0" classname="de.hybris.platform.impexgen.velocity.RenderedRowFactoryTest" name="testMergeExisting"/>
  <testcase time="0" classname="de.hybris.platform.impexgen.velocity.RenderedRowFactoryTest" name="testInvalidKeyAComment"/>
</testsuite>